<?xml version="1.0" encoding="UTF-8"?>
<testng-results skipped="0" failed="0" total="1" passed="1">
  <reporter-output>
  </reporter-output>
  <suite name="Default suite" duration-ms="20280" started-at="2017-07-19T06:49:14Z" finished-at="2017-07-19T06:49:35Z">
    <groups>
    </groups>
    <test name="Default test" duration-ms="20280" started-at="2017-07-19T06:49:14Z" finished-at="2017-07-19T06:49:35Z">
      <class name="TestCase.NewTest">
        <test-method status="PASS" signature="beforeMethod()[pri:0, instance:TestCase.NewTest@30ee2816]" name="beforeMethod" is-config="true" duration-ms="14434" started-at="2017-07-19T14:49:14Z" finished-at="2017-07-19T14:49:29Z">
          <reporter-output>
          </reporter-output>
        </test-method> <!-- beforeMethod -->
        <test-method status="PASS" signature="f()[pri:0, instance:TestCase.NewTest@30ee2816]" name="f" duration-ms="5821" started-at="2017-07-19T14:49:29Z" finished-at="2017-07-19T14:49:35Z">
          <reporter-output>
          </reporter-output>
        </test-method> <!-- f -->
        <test-method status="PASS" signature="afterMethod()[pri:0, instance:TestCase.NewTest@30ee2816]" name="afterMethod" is-config="true" duration-ms="0" started-at="2017-07-19T14:49:35Z" finished-at="2017-07-19T14:49:35Z">
          <reporter-output>
          </reporter-output>
        </test-method> <!-- afterMethod -->
      </class> <!-- TestCase.NewTest -->
    </test> <!-- Default test -->
  </suite> <!-- Default suite -->
</testng-results>
